JvmtiExport can_access_local_variables 0
JvmtiExport can_hotswap_or_post_breakpoint 0
JvmtiExport can_post_on_exceptions 0
# 149 ciObject found
ciMethod java/lang/Object <init> ()V 4097 1 2459973 0 0
ciMethod java/lang/String charAt (I)C 4097 1 2034828 0 128
ciMethod java/lang/String equals (Ljava/lang/Object;)Z 91265 347601 13752 0 -1
ciMethodData java/lang/Object <init> ()V 2 2459973 orig 264 56 157 219 101 0 0 0 0 128 4 169 21 0 0 0 0 32 1 0 0 0 0 0 0 0 0 0 0 0 0 0 0 0 0 0 0 0 0 0 0 0 0 0 0 0 0 0 0 0 0 0 0 0 0 0 0 0 0 0 0 0 0 0 0 0 0 0 0 0 0 0 0 0 0 0 0 0 0 0 0 77 68 79 32 101 120 116 114 97 32 100 97 116 97 32 108 111 99 107 0 0 0 0 0 0 0 0 0 0 0 0 0 0 0 0 0 0 0 0 0 0 0 0 0 0 0 0 0 0 0 0 0 0 0 0 0 0 0 0 0 0 0 0 0 0 0 0 0 0 0 0 0 0 0 0 0 0 0 0 0 0 0 0 0 0 0 0 0 0 0 0 0 0 0 0 0 0 0 0 0 0 0 0 0 1 0 0 0 0 0 0 0 1 0 0 0 0 0 0 0 1 0 0 0 0 0 0 0 0 0 0 0 0 0 0 0 0 2 0 0 41 58 44 1 1 0 0 0 0 0 0 0 0 0 0 0 2 0 0 0 0 0 3 0 1 0 0 0 0 0 0 0 255 255 255 255 0 0 0 0 0 0 0 0 data 0 oops 0
ciMethodData java/lang/String charAt (I)C 2 2034828 orig 264 56 157 219 101 0 0 0 0 176 61 169 21 0 0 0 0 120 1 0 0 32 0 0 0 0 0 0 0 0 0 0 0 0 0 0 0 0 0 0 0 0 0 0 0 0 0 0 0 0 0 0 0 0 0 0 0 0 0 0 0 0 0 0 0 0 0 0 0 0 0 0 0 0 0 0 0 0 0 0 0 77 68 79 32 101 120 116 114 97 32 100 97 116 97 32 108 111 99 107 0 0 0 0 0 0 0 0 0 0 0 0 0 0 0 0 0 0 0 0 0 0 0 0 0 0 0 0 0 0 0 0 0 0 0 0 0 0 0 0 0 0 0 0 0 0 0 0 0 0 0 0 0 0 0 0 0 0 0 0 0 0 0 0 1 0 0 0 0 0 0 0 0 0 0 0 0 0 0 0 0 0 0 0 0 25 0 0 0 0 0 0 0 0 0 0 0 0 0 0 0 1 0 0 0 0 0 0 0 0 0 0 0 0 0 0 0 0 2 0 0 97 84 248 0 1 0 0 0 0 0 0 0 0 0 0 0 2 0 0 0 0 0 8 0 2 0 0 0 80 0 0 0 255 255 255 255 7 0 1 0 0 0 0 0 data 10 0x10007 0x0 0x40 0x1f0a86 0xa0007 0x1f0a8d 0x30 0x0 0x120002 0x0 oops 0
ciMethod org/objectweb/asm/Type getArgumentsAndReturnSizes (Ljava/lang/String;)I 1745 25153 3507 0 1120
ciMethod org/objectweb/asm/ClassWriter newUTF8 (Ljava/lang/String;)I 4097 1 12721 0 2944
ciMethod org/objectweb/asm/ClassWriter newClass (Ljava/lang/String;)I 3369 1 9581 0 -1
ciMethod org/objectweb/asm/ClassWriter get (Lorg/objectweb/asm/Item;)Lorg/objectweb/asm/Item; 2121 417 5461 0 -1
ciMethod org/objectweb/asm/ClassWriter put (Lorg/objectweb/asm/Item;)V 4025 3593 7827 0 -1
ciMethod org/objectweb/asm/MethodVisitor <init> (I)V 3105 1 5388 0 0
ciMethod org/objectweb/asm/MethodVisitor <init> (ILorg/objectweb/asm/MethodVisitor;)V 2049 1 5486 0 0
ciMethod org/objectweb/asm/MethodWriter <init> (Lorg/objectweb/asm/ClassWriter;ILjava/lang/String;Ljava/lang/String;Ljava/lang/String;[Ljava/lang/String;ZZ)V 2137 1 5387 0 -1
ciMethod org/objectweb/asm/MethodWriter visitLabel (Lorg/objectweb/asm/Label;)V 1137 1 5327 0 1440
ciMethod org/objectweb/asm/MethodWriter addSuccessor (ILorg/objectweb/asm/Label;)V 1665 1 3553 0 0
ciMethod org/objectweb/asm/ByteVector <init> ()V 3089 1 8004 0 0
ciMethod org/objectweb/asm/ByteVector putByte (I)Lorg/objectweb/asm/ByteVector; 2377 1 5669 0 -1
ciMethod org/objectweb/asm/ByteVector putUTF8 (Ljava/lang/String;)Lorg/objectweb/asm/ByteVector; 809 24577 1107 0 -1
ciMethod org/objectweb/asm/Item <init> (ILorg/objectweb/asm/Item;)V 2185 1 5523 0 -1
ciMethod org/objectweb/asm/Item set (ILjava/lang/String;Ljava/lang/String;Ljava/lang/String;)V 2153 1 5846 0 -1
ciMethod org/objectweb/asm/Label <init> ()V 1809 1 15353 0 32
ciMethod org/objectweb/asm/Label resolve (Lorg/objectweb/asm/MethodWriter;I[B)Z 3385 697 6676 0 512
ciMethod org/objectweb/asm/Frame <init> ()V 3089 1 9248 0 0
ciMethod org/objectweb/asm/Edge <init> ()V 1697 1 3553 0 0
ciMethodData org/objectweb/asm/Type getArgumentsAndReturnSizes (Ljava/lang/String;)I 2 46477 orig 264 56 157 219 101 0 0 0 0 32 114 248 21 0 0 0 0 72 4 0 0 216 0 0 0 0 0 0 0 0 0 0 0 0 0 0 0 0 0 0 0 0 0 0 0 0 0 0 0 0 0 0 0 0 0 0 0 0 0 0 0 0 0 0 0 0 0 0 0 0 0 0 0 0 0 0 0 0 0 0 0 77 68 79 32 101 120 116 114 97 32 100 97 116 97 32 108 111 99 107 0 0 0 0 0 0 0 0 0 0 0 0 0 0 0 0 0 0 0 0 0 0 0 0 0 0 0 0 0 0 0 0 0 0 0 0 0 0 0 0 0 0 0 0 0 1 0 0 0 1 0 0 0 0 0 0 0 0 0 0 0 0 0 0 0 0 0 0 0 0 0 0 0 0 0 0 0 0 0 0 2 0 0 0 0 0 0 0 0 0 0 0 0 0 0 0 0 0 0 0 0 0 0 0 0 0 0 0 0 0 0 0 0 0 0 0 0 72 12 0 0 201 102 0 0 41 74 5 0 155 3 0 0 138 68 0 0 2 0 0 0 3 0 59 0 2 0 0 0 0 3 0 0 255 255 255 255 5 0 9 0 0 0 0 0 data 96 0x90005 0x170 0x2939d40 0x1545 0x0 0x0 0x100007 0x9dc 0xe0 0xcd9 0x150005 0xcd 0x2939d40 0xc0c 0x0 0x0 0x1f0007 0xa3b 0x38 0x29e 0x230003 0x29e 0x70 0x290007 0x0 0x40 0xa3b 0x2fe007 0xa3a 0x38 0x3 0x330003 0x3 0x18 0x3c0007 0x264 0xa0 0x778 0x440005 0x8b5 0x2939d40 0x9e2c 0x0 0x0 0x490007 0x778 0x38 0x9f69 0x4c0003 0x9f69 0xffffffffffffffb0 0x520003 0x778 0x150 0x580007 0x23d 0xe0 0x27 0x5d0005 0x0 0x2939d40 0x27 0x0 0x0 0x640007 0x27 0x38 0x0 0x6a0003 0x0 0xffffffffffffffb0 0x700007 0x0 0x40 0x27 0x760007 0x27 0x90 0x0 0x7c0003 0x0 0x70 0x820007 0x0 0x40 0x23d 0x880007 0x23c 0x38 0x1 0x8e0003 0x1 0x18 0x940003 0x9dc 0xfffffffffffffd18 oops 4 2 java/lang/String 12 java/lang/String 40 java/lang/String 60 java/lang/String
ciMethodData org/objectweb/asm/Label resolve (Lorg/objectweb/asm/MethodWriter;I[B)Z 2 6676 orig 264 56 157 219 101 0 0 0 0 96 52 43 28 0 0 0 0 48 2 0 0 208 0 0 0 0 0 0 0 0 0 0 0 0 0 0 0 0 0 0 0 0 0 0 0 0 0 0 0 0 0 0 0 0 0 0 0 0 0 0 0 0 0 0 0 0 0 0 0 0 0 0 0 0 0 0 0 0 0 0 0 77 68 79 32 101 120 116 114 97 32 100 97 116 97 32 108 111 99 107 0 0 0 0 0 0 0 0 0 0 0 0 0 0 0 0 0 0 0 0 0 0 0 0 0 0 0 0 0 0 0 0 0 0 0 0 0 0 0 0 0 0 0 0 0 0 0 0 0 0 0 0 0 0 0 0 0 0 0 0 0 0 0 0 0 0 0 0 0 0 0 0 0 0 0 0 0 0 0 0 0 0 0 0 0 0 0 0 0 0 0 0 0 0 0 0 0 0 0 0 0 0 0 0 0 0 0 0 0 0 0 0 0 0 0 0 0 167 1 0 0 105 195 0 0 233 29 0 0 0 0 0 0 0 0 0 0 2 0 0 0 1 0 18 0 2 0 0 0 232 0 0 0 255 255 255 255 7 0 27 0 0 0 0 0 data 29 0x1b0007 0x186d 0xe8 0x3bd 0x380007 0x0 0xb0 0x3bd 0x460007 0x0 0x40 0x3bd 0x4e0007 0x3bd 0x58 0x0 0x620007 0x0 0x38 0x0 0x710003 0x0 0x18 0x970003 0x3bd 0x18 0xd00003 0x3bd 0xffffffffffffff30 oops 0
ciMethodData org/objectweb/asm/Frame <init> ()V 2 9248 orig 264 56 157 219 101 0 0 0 0 112 76 43 28 0 0 0 0 48 1 0 0 0 0 0 0 0 0 0 0 0 0 0 0 0 0 0 0 0 0 0 0 0 0 0 0 0 0 0 0 0 0 0 0 0 0 0 0 0 0 0 0 0 0 0 0 0 0 0 0 0 0 0 0 0 0 0 0 0 0 0 0 77 68 79 32 101 120 116 114 97 32 100 97 116 97 32 108 111 99 107 0 0 0 0 0 0 0 0 0 0 0 0 0 0 0 0 0 0 0 0 0 0 0 0 0 0 0 0 0 0 0 0 0 0 0 0 0 0 0 0 0 0 0 0 0 0 0 0 0 0 0 0 0 0 0 0 0 0 0 0 0 0 0 0 0 0 0 0 0 0 0 0 0 0 0 0 0 0 0 0 0 0 0 0 0 0 0 0 0 0 0 0 0 0 0 0 0 0 0 0 0 0 0 0 0 0 0 0 0 0 0 0 0 0 0 0 0 130 1 0 0 241 20 1 0 1 0 0 0 0 0 0 0 0 0 0 0 2 0 0 0 0 0 3 0 2 0 0 0 16 0 0 0 255 255 255 255 2 0 1 0 0 0 0 0 data 2 0x10002 0x229e oops 0
ciMethodData org/objectweb/asm/Label <init> ()V 2 15353 orig 264 56 157 219 101 0 0 0 0 80 47 43 28 0 0 0 0 48 1 0 0 0 0 0 0 0 0 0 0 0 0 0 0 0 0 0 0 0 0 0 0 0 0 0 0 0 0 0 0 0 0 0 0 0 0 0 0 0 0 0 0 0 0 0 0 0 0 0 0 0 0 0 0 0 0 0 0 0 0 0 0 77 68 79 32 101 120 116 114 97 32 100 97 116 97 32 108 111 99 107 0 0 0 0 0 0 0 0 0 0 0 0 0 0 0 0 0 0 0 0 0 0 0 0 0 0 0 0 0 0 0 0 0 0 0 0 0 0 0 0 0 0 0 0 0 0 0 0 0 0 0 0 0 0 0 0 0 0 0 0 0 0 0 0 0 0 0 0 0 0 0 0 0 0 0 0 0 0 0 0 0 0 0 0 0 0 0 0 0 0 0 0 0 0 0 0 0 0 0 0 0 0 0 0 0 0 0 0 0 0 0 0 0 0 0 0 0 226 0 0 0 185 216 1 0 1 0 0 0 0 0 0 0 0 0 0 0 2 0 0 0 0 0 3 0 2 0 0 0 16 0 0 0 255 255 255 255 2 0 1 0 0 0 0 0 data 2 0x10002 0x3b17 oops 0
ciMethodData org/objectweb/asm/MethodWriter visitLabel (Lorg/objectweb/asm/Label;)V 2 5327 orig 264 56 157 219 101 0 0 0 0 176 98 42 28 0 0 0 0 8 3 0 0 136 1 0 0 0 0 0 0 0 0 0 0 0 0 0 0 0 0 0 0 0 0 0 0 0 0 0 0 0 0 0 0 0 0 0 0 0 0 0 0 0 0 0 0 0 0 0 0 0 0 0 0 0 0 0 0 0 0 0 0 77 68 79 32 101 120 116 114 97 32 100 97 116 97 32 108 111 99 107 0 0 0 0 0 0 0 0 0 0 0 0 0 0 0 0 0 0 0 0 0 0 0 0 0 0 0 0 0 0 0 0 0 0 0 0 0 0 0 0 0 0 0 0 0 0 0 0 0 0 0 0 0 0 0 0 0 0 0 0 0 0 0 0 0 0 0 0 0 0 0 0 0 0 0 0 0 0 0 0 0 0 0 0 0 0 0 0 0 0 0 0 0 0 0 0 0 0 0 0 0 0 0 0 0 0 0 0 0 0 0 0 0 0 0 0 0 141 0 0 0 9 162 0 0 1 0 0 0 0 0 0 0 0 0 0 0 2 0 0 0 0 0 29 0 2 0 0 0 184 1 0 0 255 255 255 255 5 0 21 0 0 0 0 0 data 55 0x150005 0x0 0x1a6dfcc0 0x1441 0x0 0x0 0x220007 0x12b4 0x20 0x18d 0x2a0007 0x61 0xf8 0x1253 0x310007 0xcb6 0x50 0x59d 0x3f0007 0x59d 0x20 0x0 0x640002 0x59d 0x700007 0x0 0x30 0x1253 0x780002 0x1253 0x8a0007 0x996 0x40 0x8bd 0x980007 0x59d 0x20 0x320 0xcf0003 0xf33 0x88 0xd70007 0x61 0x70 0x0 0xde0007 0x0 0x30 0x0 0xf20002 0x0 0x1080007 0x0 0x20 0x0 oops 1 2 org/objectweb/asm/Label
ciMethodData org/objectweb/asm/MethodVisitor <init> (ILorg/objectweb/asm/MethodVisitor;)V 2 5486 orig 264 56 157 219 101 0 0 0 0 72 9 42 28 0 0 0 0 144 1 0 0 48 0 0 0 0 0 0 0 0 0 0 0 0 0 0 0 0 0 0 0 0 0 0 0 0 0 0 0 0 0 0 0 0 0 0 0 0 0 0 0 0 0 0 0 0 0 0 0 0 0 0 0 0 0 0 0 0 0 0 0 77 68 79 32 101 120 116 114 97 32 100 97 116 97 32 108 111 99 107 0 0 0 0 0 0 0 0 0 0 0 0 0 0 0 0 0 0 0 0 0 0 0 0 0 0 0 0 0 0 0 0 0 0 0 0 0 0 0 0 0 0 0 0 0 0 0 0 0 0 0 0 0 0 0 0 0 0 0 0 0 0 0 0 0 0 0 0 0 0 0 0 0 0 0 0 0 0 0 0 0 0 0 0 0 0 0 0 0 0 0 0 0 0 0 0 0 0 0 0 0 0 0 0 0 0 0 0 0 0 0 0 0 0 0 0 0 0 1 0 0 113 163 0 0 1 0 0 0 0 0 0 0 0 0 0 0 2 0 0 0 0 0 8 0 2 0 0 0 96 0 0 0 255 255 255 255 2 0 1 0 0 0 0 0 data 12 0x10002 0x146e 0x70007 0x0 0x40 0x146e 0xd0007 0x146e 0x30 0x0 0x140002 0x0 oops 0
ciMethodData org/objectweb/asm/MethodWriter addSuccessor (ILorg/objectweb/asm/Label;)V 2 3553 orig 264 56 157 219 101 0 0 0 0 0 125 42 28 0 0 0 0 64 1 0 0 0 0 0 0 0 0 0 0 0 0 0 0 0 0 0 0 0 0 0 0 0 0 0 0 0 0 0 0 0 0 0 0 0 0 0 0 0 0 0 0 0 0 0 0 0 0 0 0 0 0 0 0 0 0 0 0 0 0 0 0 77 68 79 32 101 120 116 114 97 32 100 97 116 97 32 108 111 99 107 0 0 0 0 0 0 0 0 0 0 0 0 0 0 0 0 0 0 0 0 0 0 0 0 0 0 0 0 0 0 0 0 0 0 0 0 0 0 0 0 0 0 0 0 0 0 0 0 0 0 0 0 0 0 0 0 0 0 0 0 0 0 0 0 0 0 0 0 0 0 0 0 0 0 0 0 0 0 0 0 0 0 0 0 0 0 0 0 0 0 0 0 0 0 0 0 0 0 0 0 0 0 0 0 0 0 0 0 0 0 0 0 0 0 0 0 0 208 0 0 0 137 104 0 0 1 0 0 0 0 0 0 0 0 0 0 0 2 0 0 0 0 0 3 0 2 0 0 0 16 0 0 0 255 255 255 255 2 0 4 0 0 0 0 0 data 2 0x40002 0xd11 oops 0
ciMethodData org/objectweb/asm/Edge <init> ()V 2 3553 orig 264 56 157 219 101 0 0 0 0 72 142 43 28 0 0 0 0 48 1 0 0 0 0 0 0 0 0 0 0 0 0 0 0 0 0 0 0 0 0 0 0 0 0 0 0 0 0 0 0 0 0 0 0 0 0 0 0 0 0 0 0 0 0 0 0 0 0 0 0 0 0 0 0 0 0 0 0 0 0 0 0 77 68 79 32 101 120 116 114 97 32 100 97 116 97 32 108 111 99 107 0 0 0 0 0 0 0 0 0 0 0 0 0 0 0 0 0 0 0 0 0 0 0 0 0 0 0 0 0 0 0 0 0 0 0 0 0 0 0 0 0 0 0 0 0 0 0 0 0 0 0 0 0 0 0 0 0 0 0 0 0 0 0 0 0 0 0 0 0 0 0 0 0 0 0 0 0 0 0 0 0 0 0 0 0 0 0 0 0 0 0 0 0 0 0 0 0 0 0 0 0 0 0 0 0 0 0 0 0 0 0 0 0 0 0 0 0 212 0 0 0 105 104 0 0 1 0 0 0 0 0 0 0 0 0 0 0 2 0 0 0 0 0 0 0 0 0 0 0 16 0 0 0 255 255 255 255 2 0 1 0 0 0 0 0 data 2 0x10002 0xd0d oops 0
ciMethodData org/objectweb/asm/ByteVector <init> ()V 2 8006 orig 264 56 157 219 101 0 0 0 0 120 218 42 28 0 0 0 0 48 1 0 0 0 0 0 0 0 0 0 0 0 0 0 0 0 0 0 0 0 0 0 0 0 0 0 0 0 0 0 0 0 0 0 0 0 0 0 0 0 0 0 0 0 0 0 0 0 0 0 0 0 0 0 0 0 0 0 0 0 0 0 0 77 68 79 32 101 120 116 114 97 32 100 97 116 97 32 108 111 99 107 0 0 0 0 0 0 0 0 0 0 0 0 0 0 0 0 0 0 0 0 0 0 0 0 0 0 0 0 0 0 0 0 0 0 0 0 0 0 0 0 0 0 0 0 0 0 0 0 0 0 0 0 0 0 0 0 0 0 0 0 0 0 0 0 0 0 0 0 0 0 0 0 0 0 0 0 0 0 0 0 0 0 0 0 0 0 0 0 0 0 0 0 0 0 0 0 0 0 0 0 0 0 0 0 0 0 0 0 0 0 0 0 0 0 0 0 0 130 1 0 0 33 238 0 0 1 0 0 0 0 0 0 0 0 0 0 0 2 0 0 0 0 0 3 0 2 0 0 0 16 0 0 0 255 255 255 255 2 0 1 0 0 0 0 0 data 2 0x10002 0x1dc4 oops 0
ciMethodData org/objectweb/asm/MethodWriter <init> (Lorg/objectweb/asm/ClassWriter;ILjava/lang/String;Ljava/lang/String;Ljava/lang/String;[Ljava/lang/String;ZZ)V 2 5388 orig 264 56 157 219 101 0 0 0 0 64 71 42 28 0 0 0 0 88 4 0 0 112 2 0 0 0 0 0 0 0 0 0 0 0 0 0 0 0 0 0 0 0 0 0 0 0 0 0 0 0 0 0 0 0 0 0 0 0 0 0 0 0 0 0 0 0 0 0 0 0 0 0 0 0 0 0 0 0 0 0 0 77 68 79 32 101 120 116 114 97 32 100 97 116 97 32 108 111 99 107 0 0 0 0 0 0 0 0 0 0 0 0 0 0 0 0 0 0 0 0 0 0 0 0 0 0 0 0 0 0 0 0 0 0 0 0 0 0 0 0 0 0 0 0 0 0 0 0 0 0 0 0 0 0 0 0 0 0 0 0 0 0 0 0 0 0 0 0 0 0 0 0 0 0 0 0 0 0 0 0 0 0 0 0 0 0 0 0 0 0 0 0 0 0 0 0 0 0 0 0 0 0 0 0 0 0 0 0 0 0 0 0 0 0 0 0 0 11 1 0 0 9 160 0 0 1 0 0 0 0 0 0 0 0 0 0 0 2 0 0 0 1 0 31 0 2 0 0 0 208 2 0 0 255 255 255 255 2 0 3 0 0 0 0 0 data 90 0x30002 0x1401 0xb0002 0x1401 0x150007 0x134a 0x38 0xb7 0x1d0003 0xb7 0x18 0x3a0005 0x85 0x2939d40 0x137c 0x0 0x0 0x3d0007 0x1339 0x20 0xc8 0x4e0005 0x0 0x1a6da3a0 0x1401 0x0 0x0 0x580005 0x0 0x1a6da3a0 0x1401 0x0 0x0 0x6c0007 0x24e 0xa8 0x11b3 0x720007 0x11b3 0x88 0x0 0x8f0007 0x0 0x68 0x0 0x9e0005 0x0 0x0 0x0 0x0 0x0 0xa50003 0x0 0xffffffffffffffb0 0xab0007 0x24c 0x38 0x11b5 0xaf0003 0x11b5 0x50 0xb40007 0x24c 0x38 0x0 0xb80003 0x0 0x18 0xc10007 0x11b5 0x40 0x24c 0xc60007 0x24c 0x90 0x0 0xcd0002 0x11b5 0xd80007 0x11b3 0x20 0x2 0xef0002 0x11b5 0x1080005 0x0 0x1a6da190 0x11b5 0x0 0x0 oops 4 13 java/lang/String 23 org/objectweb/asm/ClassWriter 29 org/objectweb/asm/ClassWriter 86 org/objectweb/asm/MethodWriter
ciMethodData org/objectweb/asm/MethodVisitor <init> (I)V 2 5390 orig 264 56 157 219 101 0 0 0 0 104 8 42 28 0 0 0 0 56 1 0 0 0 0 0 0 0 0 0 0 0 0 0 0 0 0 0 0 0 0 0 0 0 0 0 0 0 0 0 0 0 0 0 0 0 0 0 0 0 0 0 0 0 0 0 0 0 0 0 0 0 0 0 0 0 0 0 0 0 0 0 0 77 68 79 32 101 120 116 114 97 32 100 97 116 97 32 108 111 99 107 0 0 0 0 0 0 0 0 0 0 0 0 0 0 0 0 0 0 0 0 0 0 0 0 0 0 0 0 0 0 0 0 0 0 0 0 0 0 0 0 0 0 0 0 0 0 0 0 0 0 0 0 0 0 0 0 0 0 0 0 0 0 0 0 0 0 0 0 0 0 0 0 0 0 0 0 0 0 0 0 0 0 0 0 0 0 0 0 0 0 0 0 0 0 0 0 0 0 0 0 0 0 0 0 0 0 0 0 0 0 0 0 0 0 0 0 0 132 1 0 0 81 156 0 0 1 0 0 0 0 0 0 0 0 0 0 0 2 0 0 0 0 0 9 0 2 0 0 0 16 0 0 0 255 255 255 255 2 0 3 0 0 0 0 0 data 2 0x30002 0x138a oops 0
instanceKlass com/android/build/gradle/tasks/ir/FastDeployRuntimeExtractorTask$ConfigAction
instanceKlass com/android/build/gradle/internal/InstantRunTaskManager$$Lambda$316
instanceKlass com/android/build/gradle/internal/InstantRunTaskManager$$Lambda$315
instanceKlass com/android/build/gradle/internal/InstantRunTaskManager$$Lambda$314
instanceKlass com/android/build/gradle/tasks/CheckManifestInInstantRunMode$ConfigAction
instanceKlass com/android/build/gradle/internal/InstantRunTaskManager$$Lambda$313
instanceKlass com/android/build/gradle/internal/InstantRunTaskManager$$Lambda$312
instanceKlass com/android/build/gradle/internal/incremental/InstantRunVerifier$ClassBytesProvider
instanceKlass com/android/build/gradle/internal/incremental/BuildInfoLoaderTask$ConfigAction
instanceKlass com/android/build/gradle/internal/TaskManager$$Lambda$311
instanceKlass com/android/build/gradle/internal/InstantRunTaskManager
instanceKlass com/android/build/gradle/internal/incremental/InstantRunAnchorTaskConfigAction
instanceKlass org/gradle/workers/internal/WorkerDaemonClientsManager$1
instanceKlass org/gradle/workers/internal/WorkerDaemonExpiration$SimpleMemoryExpirationSelector
instanceKlass org/gradle/util/GradleVersion
instanceKlass com/google/common/base/Preconditions
instanceKlass com/google/common/collect/ImmutableSet$SerializedForm
instanceKlass com/android/tools/idea/gradle/run/OutputBuildAction$PostBuildProjectModels
instanceKlass org/gradle/tooling/model/Model
instanceKlass com/android/tools/idea/gradle/run/OutputBuildAction
instanceKlass org/gradle/tooling/internal/consumer/versioning/VersionDetails
instanceKlass org/gradle/tooling/BuildAction
instanceKlass org/gradle/tooling/internal/consumer/connection/HasCompatibilityMapping
instanceKlass org/gradle/tooling/BuildController
instanceKlass org/gradle/tooling/internal/adapter/TargetTypeProvider
instanceKlass org/gradle/tooling/internal/consumer/connection/InternalBuildActionAdapter
instanceKlass org/gradle/launcher/daemon/registry/DaemonInfo$1
instanceKlass java/net/Inet6Address$1
instanceKlass com/google/common/cache/LocalCache$WriteThroughEntry
instanceKlass org/gradle/execution/taskgraph/DefaultTaskExecutionPlan$7
instanceKlass org/gradle/execution/taskgraph/DefaultTaskExecutionPlan$12
instanceKlass org/gradle/api/internal/changedetection/state/MapValueSnapshot
instanceKlass com/android/builder/tasks/WorkQueue$$Lambda$310
instanceKlass com/android/build/gradle/tasks/ProcessAndroidResources$$Lambda$309
instanceKlass com/google/gson/internal/LinkedTreeMap$LinkedTreeMapIterator
instanceKlass com/google/common/io/ByteArrayDataInput
instanceKlass com/google/common/io/ByteArrayDataOutput
instanceKlass com/google/common/io/ByteStreams
instanceKlass com/android/ide/common/xml/ManifestData$KeepClass
instanceKlass com/android/ide/common/xml/ManifestData$Activity
instanceKlass com/android/xml/AndroidManifest
instanceKlass com/android/ide/common/xml/ManifestData
instanceKlass com/android/ide/common/xml/AndroidManifestParser
instanceKlass com/android/builder/symbols/SymbolIo$$Lambda$308
instanceKlass com/android/builder/symbols/RGeneration$$Lambda$307
instanceKlass com/android/builder/symbols/RGeneration
instanceKlass com/android/builder/symbols/SymbolIo$$Lambda$306
instanceKlass com/android/io/IAbstractFile
instanceKlass com/android/builder/symbols/SymbolUtils
instanceKlass com/google/common/collect/Tables$AbstractCell
instanceKlass com/google/common/collect/StandardTable$CellIterator
instanceKlass com/google/common/collect/ImmutableTable$Builder
instanceKlass com/android/builder/symbols/SymbolIo$AaptHandler$$Lambda$305
instanceKlass java/util/Comparator$$Lambda$304
instanceKlass com/android/builder/symbols/SymbolIo$AaptHandler$$Lambda$303
instanceKlass com/android/builder/symbols/Symbol$Companion
instanceKlass com/android/builder/symbols/Symbol
instanceKlass com/android/builder/symbols/SymbolIo$SymbolData
instanceKlass com/android/builder/symbols/SymbolIo$$Lambda$302
instanceKlass com/android/builder/symbols/SymbolIo$SymbolFilter
instanceKlass com/google/common/collect/AbstractTable
instanceKlass com/google/common/collect/Tables$1
instanceKlass com/google/common/collect/RowSortedTable
instanceKlass com/google/common/collect/Table$Cell
instanceKlass com/google/common/collect/Tables
instanceKlass com/android/builder/symbols/SymbolTable$Builder$symbols$1
instanceKlass com/android/builder/symbols/SymbolTable$Builder
instanceKlass com/android/builder/symbols/SymbolTable$Companion
instanceKlass com/android/builder/symbols/SymbolTable
instanceKlass com/android/builder/symbols/SymbolIo$$Lambda$301
instanceKlass com/android/builder/symbols/SymbolIo$BaseHandler
instanceKlass com/android/builder/symbols/SymbolIo$StyleableIndexHandler
instanceKlass com/android/builder/symbols/SymbolIo
instanceKlass com/android/builder/internal/aapt/AaptQueueThreadContext$$Lambda$300
instanceKlass com/google/common/base/MoreObjects$ToStringHelper$ValueHolder
instanceKlass com/google/common/base/MoreObjects$ToStringHelper
instanceKlass com/android/builder/internal/aapt/AaptUtils$$Lambda$299
instanceKlass com/android/builder/internal/aapt/AaptUtils$$Lambda$298
instanceKlass com/android/builder/internal/aapt/AaptUtils$$Lambda$297
instanceKlass com/android/builder/internal/aapt/AaptUtils
instanceKlass java/util/stream/ForEachOps$ForEachOp
instanceKlass java/util/stream/ForEachOps
instanceKlass com/android/builder/internal/aapt/v2/AaptV2CommandBuilder$$Lambda$296
instanceKlass com/android/builder/internal/aapt/v2/AaptV2CommandBuilder$$Lambda$295
instanceKlass java/nio/file/Files$$Lambda$294
instanceKlass java/nio/file/Files$$Lambda$293
instanceKlass java/nio/file/FileTreeIterator
instanceKlass com/android/builder/internal/aapt/v2/AaptV2CommandBuilder$$Lambda$292
instanceKlass com/android/builder/internal/aapt/v2/AaptV2CommandBuilder
instanceKlass com/android/builder/png/AaptProcess$NotifierProcessOutput
instanceKlass com/android/builder/tasks/JobContext
instanceKlass com/android/utils/GrabProcessOutput
instanceKlass com/android/builder/tasks/BooleanLatch
instanceKlass com/android/builder/png/AaptProcess$ProcessOutputFacade
instanceKlass com/android/utils/GrabProcessOutput$IProcessOutput
instanceKlass com/android/builder/png/AaptProcess
instanceKlass java/lang/ProcessImpl$2
instanceKlass java/lang/ProcessBuilder
instanceKlass com/android/builder/png/AaptProcess$Builder
instanceKlass com/android/builder/internal/aapt/v2/QueueableAapt2$$Lambda$291
instanceKlass com/android/builder/tasks/WorkQueue$QueueTask
instanceKlass com/android/builder/internal/aapt/v2/Aapt2QueuedResourceProcessor$$Lambda$290
instanceKlass com/android/builder/internal/aapt/v2/Aapt2QueuedResourceProcessor$2
instanceKlass com/android/builder/internal/aapt/AaptPackageConfig
instanceKlass com/android/builder/internal/aapt/AaptPackageConfig$Builder
instanceKlass com/android/build/gradle/internal/scope/SplitList$$Lambda$289
instanceKlass com/android/builder/tasks/WorkQueue
instanceKlass com/android/builder/internal/aapt/AaptQueueThreadContext
instanceKlass com/android/builder/internal/aapt/v2/Aapt2QueuedResourceProcessor$Builder
instanceKlass com/android/builder/tasks/Job
instanceKlass com/android/builder/tasks/Task
instanceKlass com/android/builder/tasks/QueueThreadContext
instanceKlass com/android/builder/internal/aapt/QueuedResourceProcessor
instanceKlass com/android/ide/common/internal/ResourceProcessor
instanceKlass com/android/builder/internal/aapt/AbstractAapt
instanceKlass com/android/build/gradle/internal/aapt/AaptGradleFactory$1
instanceKlass com/android/build/gradle/internal/aapt/AaptGradleFactory$FilteringLogger
instanceKlass com/android/ide/common/process/TeeProcessOutputHandler
instanceKlass com/android/build/gradle/internal/aapt/AaptGradleFactory
instanceKlass com/android/build/gradle/tasks/ProcessAndroidResources$$Lambda$288
instanceKlass com/android/ide/common/blame/MergingLogRewriter
instanceKlass com/android/ide/common/blame/parser/aapt/AbstractAaptOutputParser
instanceKlass com/android/ide/common/blame/parser/aapt/Aapt2OutputParser
instanceKlass com/android/ide/common/blame/parser/ToolOutputParser
instanceKlass com/android/ide/common/process/BaseProcessOutputHandler
instanceKlass com/google/gson/internal/ConstructorConstructor$6
instanceKlass com/android/build/gradle/internal/scope/SplitList$Record
instanceKlass org/apache/commons/io/IOUtils
instanceKlass org/apache/commons/io/Charsets
instanceKlass org/apache/commons/io/filefilter/IOFileFilter
instanceKlass org/apache/commons/io/FileUtils
instanceKlass com/google/gson/internal/LinkedTreeMap$Node
instanceKlass com/google/gson/internal/LinkedTreeMap$1
instanceKlass com/android/ide/common/build/ApkInfo$1
instanceKlass org/gradle/cache/internal/DefaultMultiProcessSafePersistentIndexedCache$3
instanceKlass org/gradle/cache/internal/AsyncCacheAccessDecoratedCache$3
instanceKlass com/google/common/collect/Maps$10
instanceKlass org/gradle/api/internal/changedetection/rules/OutputFilesTaskStateChanges$1
instanceKlass com/google/gson/internal/Streams
instanceKlass com/android/build/gradle/internal/scope/BuildOutputs$$Lambda$287
instanceKlass com/android/build/gradle/internal/scope/BuildOutputs$$Lambda$286
instanceKlass com/android/build/gradle/internal/scope/BuildOutputs$$Lambda$285
instanceKlass com/google/common/io/Closer$SuppressingSuppressor
instanceKlass com/google/common/io/Closer$Suppressor
instanceKlass com/google/common/io/Closer
instanceKlass com/google/common/io/CharSink
instanceKlass com/android/builder/core/AndroidBuilder$1
instanceKlass com/android/manifmerger/MergingReport
instanceKlass com/google/common/io/CharStreams
instanceKlass com/google/common/io/LineBuffer
instanceKlass com/google/common/io/LineReader
instanceKlass com/google/common/collect/AbstractMapBasedMultimap$AsMap$AsMapIterator
instanceKlass com/google/common/collect/MultimapBuilder$ArrayListSupplier
instanceKlass com/google/common/collect/MultimapBuilder$MultimapBuilderWithKeys
instanceKlass com/google/common/collect/MultimapBuilder
instanceKlass com/google/common/collect/ImmutableMultimap$Builder
instanceKlass com/android/ide/common/xml/XmlAttributeSortOrder$3
instanceKlass com/android/ide/common/xml/XmlPrettyPrinter
instanceKlass com/android/ide/common/xml/XmlAttributeSortOrder$2
instanceKlass com/android/ide/common/xml/XmlAttributeSortOrder$1
instanceKlass com/android/ide/common/xml/XmlFormatPreferences
instanceKlass com/android/manifmerger/ToolsInstructionsCleaner
instanceKlass com/android/manifmerger/PostValidator$1
instanceKlass com/android/manifmerger/Actions
instanceKlass com/android/manifmerger/PostValidator
instanceKlass java/util/TreeMap$NavigableSubMap$SubMapIterator
instanceKlass com/android/manifmerger/ElementsTrimmer
instanceKlass com/android/manifmerger/XmlElement$1
instanceKlass com/android/manifmerger/PreValidator
instanceKlass com/sun/org/apache/xerces/internal/dom/DeepNodeListImpl
instanceKlass com/android/manifmerger/Selector
instanceKlass com/android/manifmerger/ActionRecorder$$Lambda$284
instanceKlass com/android/manifmerger/ConvertibleName
instanceKlass com/android/manifmerger/Actions$Record
instanceKlass com/android/manifmerger/ActionRecorder$$Lambda$283
instanceKlass com/android/manifmerger/Actions$DecisionTreeRecord
instanceKlass com/android/manifmerger/XmlNode$NodeKey
instanceKlass com/android/manifmerger/XmlNode$Name
instanceKlass com/android/utils/SdkUtils
instanceKlass com/android/manifmerger/AttributeModel$Hexadecimal32Bits
instanceKlass com/android/manifmerger/ManifestModel$TwoAttributesBasedKeyResolver
instanceKlass com/android/manifmerger/AttributeModel$SeparatedValuesValidator
instanceKlass com/android/manifmerger/XmlNode$NamespaceAwareName
instanceKlass com/android/manifmerger/AttributeModel$3
instanceKlass com/android/manifmerger/AttributeModel$2
instanceKlass com/android/manifmerger/AttributeModel$1
instanceKlass com/android/manifmerger/AttributeModel$MergingPolicy
instanceKlass com/android/manifmerger/AttributeModel
instanceKlass com/android/manifmerger/AttributeModel$Builder
instanceKlass com/android/manifmerger/AttributeModel$BooleanValidator
instanceKlass com/android/manifmerger/ManifestModel$2
instanceKlass com/android/manifmerger/ManifestModel$1
instanceKlass com/android/manifmerger/ManifestModel$NoKeyNodeResolver
instanceKlass com/android/manifmerger/ManifestModel$AttributeBasedNodeKeyResolver
instanceKlass com/android/manifmerger/ManifestModel
instanceKlass com/android/manifmerger/AttributeModel$Validator
instanceKlass com/android/manifmerger/ManifestModel$NodeKeyResolver
instanceKlass com/android/manifmerger/XmlNode$1
instanceKlass com/android/manifmerger/XmlNode$NodeName
instanceKlass com/android/manifmerger/XmlNode
instanceKlass com/android/manifmerger/XmlDocument
instanceKlass com/android/utils/PositionXmlParser$Position
instanceKlass com/sun/org/apache/xerces/internal/util/EntityResolver2Wrapper
instanceKlass com/sun/org/apache/xerces/internal/dom/ParentNode$UserDataRecord
instanceKlass org/xml/sax/ext/DeclHandler
instanceKlass org/xml/sax/ext/LexicalHandler
instanceKlass com/android/utils/PositionXmlParser
instanceKlass com/android/manifmerger/XmlLoader
instanceKlass com/android/manifmerger/ManifestMerger2$SelectorResolver
instanceKlass com/android/manifmerger/ActionRecorder
instanceKlass com/android/manifmerger/MergingReport$Builder
instanceKlass com/android/manifmerger/ManifestMerger2$MapBasedKeyBasedValueResolver
instanceKlass com/android/manifmerger/ManifestMerger2$FileStreamProvider
instanceKlass com/android/manifmerger/ManifestMerger2$AutoAddingProperty
instanceKlass com/android/manifmerger/ManifestMerger2$Invoker
instanceKlass com/android/manifmerger/PlaceholderHandler$KeyBasedValueResolver
instanceKlass com/android/manifmerger/ManifestMerger2$ManifestInfo
instanceKlass com/android/manifmerger/KeyResolver
instanceKlass com/android/manifmerger/ManifestMerger2
instanceKlass com/android/build/gradle/tasks/MergeManifests$ConfigAction$ManifestProviderImpl
instanceKlass com/android/build/gradle/internal/scope/OutputScope$$Lambda$282
instanceKlass com/android/build/gradle/internal/scope/BuildOutputs$$Lambda$281
instanceKlass com/android/build/gradle/internal/scope/BuildOutputs$$Lambda$280
instanceKlass com/google/gson/internal/ConstructorConstructor$11
instanceKlass com/google/gson/internal/UnsafeAllocator
instanceKlass com/google/gson/internal/ConstructorConstructor$12
instanceKlass org/gradle/api/internal/changedetection/changes/StatefulIncrementalTaskInputs
instanceKlass org/gradle/api/internal/changedetection/changes/IncrementalTaskInputsInternal
instanceKlass org/gradle/api/internal/changedetection/changes/DiscoveredInputRecorder
instanceKlass org/gradle/api/internal/tasks/execution/ExecuteActionsTaskExecuter$1
instanceKlass org/gradle/internal/logging/compatbridge/LoggingManagerInternalCompatibilityBridge
instanceKlass com/android/build/gradle/tasks/MergeManifests$$Lambda$279
instanceKlass com/android/build/gradle/tasks/MergeManifests$$Lambda$278
instanceKlass com/android/build/gradle/tasks/MergeManifests$$Lambda$277
instanceKlass com/android/build/gradle/tasks/ManifestProcessorTask$$Lambda$276
instanceKlass com/android/build/gradle/internal/scope/OutputFactory$1
instanceKlass org/gradle/api/internal/changedetection/state/SerializedValueSnapshot
instanceKlass com/android/build/gradle/tasks/MergeResources$ConfigAction$$Lambda$275
instanceKlass org/gradle/api/internal/changedetection/state/SetValueSnapshot
instanceKlass org/gradle/api/internal/changedetection/state/ListValueSnapshot
instanceKlass org/gradle/api/internal/changedetection/state/MissingFileSnapshot
instanceKlass com/android/builder/core/VariantConfiguration$$Lambda$274
instanceKlass com/android/builder/core/VariantConfiguration$$Lambda$273
instanceKlass com/android/build/gradle/internal/CombinedInput
instanceKlass org/gradle/api/internal/changedetection/state/NullValueSnapshot
instanceKlass org/gradle/api/internal/changedetection/state/AbstractScalarValueSnapshot
instanceKlass org/gradle/api/internal/tasks/execution/statistics/TaskExecutionStatisticsEventAdapter$1
instanceKlass org/gradle/api/internal/changedetection/state/OrderInsensitiveTaskFilePropertyCompareStrategy$IncrementalFileSnapshotWithAbsolutePath
instanceKlass com/google/common/collect/MultimapBuilder$MultimapBuilderWithKeys
instanceKlass com/google/common/collect/MultimapBuilder
instanceKlass org/gradle/api/internal/changedetection/rules/AbstractNamedFileSnapshotTaskStateChanges$2
instanceKlass org/gradle/util/DiffUtil
instanceKlass org/gradle/api/internal/changedetection/rules/AbstractNamedFileSnapshotTaskStateChanges$1
instanceKlass org/gradle/api/internal/changedetection/rules/SummaryTaskStateChanges
instanceKlass org/gradle/api/internal/changedetection/rules/DiscoveredInputsTaskStateChanges
instanceKlass org/gradle/api/internal/changedetection/rules/ErrorHandlingTaskStateChanges
instanceKlass com/google/common/cache/Striped64$HashCode
instanceKlass org/gradle/api/internal/changedetection/rules/CachingTaskStateChanges
instanceKlass org/gradle/api/internal/OverlappingOutputs
instanceKlass com/google/common/collect/SortedLists
instanceKlass org/gradle/util/ChangeListener
instanceKlass org/gradle/api/internal/changedetection/rules/AbstractNamedFileSnapshotTaskStateChanges
instanceKlass org/gradle/api/internal/changedetection/rules/DescriptiveChange
instanceKlass org/gradle/api/internal/changedetection/rules/TaskStateChange
instanceKlass org/gradle/api/internal/changedetection/rules/PreviousSuccessTaskStateChanges
instanceKlass org/gradle/api/internal/changedetection/rules/SimpleTaskStateChanges
instanceKlass org/gradle/api/internal/changedetection/rules/DiscoveredInputsListener
instanceKlass org/gradle/api/internal/changedetection/rules/TaskStateChanges
instanceKlass org/gradle/api/internal/changedetection/rules/TaskUpToDateState
instanceKlass org/gradle/api/internal/tasks/TaskOutputsUtil
instanceKlass org/gradle/api/internal/changedetection/state/CacheBackedTaskHistoryRepository$1
instanceKlass org/gradle/api/internal/changedetection/state/CacheBackedTaskHistoryRepository$3
instanceKlass org/gradle/api/internal/changedetection/state/CacheBackedTaskHistoryRepository$2
instanceKlass org/gradle/api/internal/changedetection/state/TaskExecution
instanceKlass org/gradle/api/internal/changedetection/state/TaskExecutionSnapshot
instanceKlass org/gradle/api/internal/changedetection/state/ImplementationSnapshot
instanceKlass org/gradle/cache/internal/btree/FreeListBlockStore$FreeListEntry
instanceKlass org/gradle/api/internal/changedetection/changes/DefaultTaskArtifactStateRepository$TaskArtifactStateImpl
instanceKlass org/gradle/api/internal/TaskExecutionHistory
instanceKlass org/gradle/execution/taskgraph/DefaultTaskExecutionPlan$11
instanceKlass com/android/tools/build/gradle/internal/profile/GradleTaskExecutionType$1
instanceKlass org/gradle/api/execution/internal/ExecuteTaskBuildOperationResult
instanceKlass org/gradle/internal/execution/ExecuteTaskBuildOperationType$Result
instanceKlass org/gradle/api/internal/tasks/execution/DefaultTaskExecutionContext
instanceKlass org/gradle/tooling/internal/provider/events/DefaultTaskDescriptor
instanceKlass org/gradle/tooling/internal/protocol/events/InternalTaskDescriptor
instanceKlass org/gradle/execution/taskgraph/DefaultTaskGraphExecuter$EventFiringTaskWorker$1
instanceKlass org/gradle/execution/taskgraph/DefaultTaskExecutionPlan$10
instanceKlass org/gradle/execution/taskgraph/DefaultTaskExecutionPlan$9
instanceKlass org/gradle/execution/taskgraph/DefaultTaskExecutionPlan$8
instanceKlass org/gradle/execution/taskgraph/DefaultTaskPlanExecutor$TaskExecutorWorker$1
instanceKlass org/gradle/execution/taskgraph/DefaultTaskPlanExecutor$TaskExecutorWorker
instanceKlass org/gradle/api/internal/tasks/execution/CatchExceptionTaskExecuter
instanceKlass org/gradle/api/internal/tasks/execution/ExecuteAtMostOnceTaskExecuter
instanceKlass org/gradle/api/internal/tasks/execution/SkipOnlyIfTaskExecuter
instanceKlass org/gradle/api/internal/tasks/execution/SkipTaskWithNoActionsExecuter
instanceKlass org/gradle/api/internal/tasks/execution/ResolveTaskArtifactStateTaskExecuter
instanceKlass org/gradle/api/internal/tasks/execution/SkipEmptySourceFilesTaskExecuter
instanceKlass org/gradle/api/internal/tasks/execution/ValidatingTaskExecuter
instanceKlass org/gradle/api/internal/tasks/execution/SkipUpToDateTaskExecuter
instanceKlass org/gradle/api/execution/TaskActionListener
instanceKlass org/gradle/caching/internal/tasks/BuildCacheTaskServices$1
instanceKlass org/gradle/caching/internal/controller/NoOpBuildCacheController
instanceKlass org/gradle/caching/internal/controller/BuildCacheControllerFactory$ResultImpl
instanceKlass org/gradle/caching/internal/FinalizeBuildCacheConfigurationBuildOperationType$Result
instanceKlass org/gradle/caching/internal/controller/BuildCacheControllerFactory$DetailsImpl
instanceKlass org/gradle/caching/internal/FinalizeBuildCacheConfigurationBuildOperationType$Details
instanceKlass org/gradle/caching/internal/FinalizeBuildCacheConfigurationBuildOperationType$Result$BuildCacheDescription
instanceKlass org/gradle/caching/internal/controller/BuildCacheControllerFactory$1
instanceKlass org/gradle/caching/BuildCacheServiceFactory$Describer
instanceKlass org/gradle/caching/internal/controller/BuildCacheControllerFactory
instanceKlass org/gradle/caching/internal/controller/BuildCacheLoadCommand
instanceKlass org/gradle/caching/internal/controller/BuildCacheStoreCommand
instanceKlass org/gradle/caching/internal/tasks/origin/TaskOutputOriginWriter
instanceKlass org/gradle/caching/internal/tasks/origin/TaskOutputOriginReader
instanceKlass org/gradle/caching/internal/tasks/TarTaskOutputPacker
instanceKlass org/gradle/caching/internal/tasks/GZipTaskOutputPacker
instanceKlass org/gradle/api/internal/changedetection/changes/DefaultTaskArtifactStateRepository
instanceKlass org/gradle/api/internal/changedetection/TaskArtifactState
instanceKlass org/gradle/api/internal/changedetection/changes/ShortCircuitTaskArtifactStateRepository
instanceKlass org/gradle/api/internal/changedetection/state/InputPropertiesSerializer
instanceKlass org/gradle/api/internal/changedetection/state/CacheBackedFileSnapshotRepository
instanceKlass org/gradle/api/internal/changedetection/state/TaskHistoryRepository$History
instanceKlass org/gradle/api/internal/changedetection/state/CacheBackedTaskHistoryRepository
instanceKlass org/gradle/api/internal/changedetection/state/MissingFileContentSnapshot
instanceKlass com/google/common/io/BaseEncoding$StandardBaseEncoding$1
instanceKlass com/google/common/io/GwtWorkarounds$6
instanceKlass com/google/common/io/GwtWorkarounds
instanceKlass org/gradle/internal/id/UniqueId$1
instanceKlass com/google/common/base/Ascii
instanceKlass com/google/common/io/GwtWorkarounds$ByteInput
instanceKlass com/google/common/io/GwtWorkarounds$ByteOutput
instanceKlass com/google/common/io/GwtWorkarounds$CharOutput
instanceKlass com/google/common/io/GwtWorkarounds$CharInput
instanceKlass com/google/common/io/BaseEncoding
instanceKlass org/gradle/internal/id/UniqueId
instanceKlass org/gradle/caching/internal/tasks/TaskOutputCachingBuildCacheKeyBuilder
instanceKlass org/gradle/api/internal/changedetection/state/DefaultFileCollectionSnapshotterRegistry$1
instanceKlass org/gradle/api/internal/changedetection/state/DefaultFileCollectionSnapshotterRegistry
instanceKlass org/gradle/api/internal/changedetection/state/AbiExtractingClasspathResourceHasher
instanceKlass org/gradle/api/internal/changedetection/state/DefaultTaskHistoryStore
instanceKlass org/gradle/caching/configuration/internal/DefaultBuildCacheConfiguration
instanceKlass org/gradle/caching/local/internal/DirectoryBuildCacheServiceFactory
instanceKlass org/gradle/execution/taskgraph/DefaultTaskGraphExecuter$EventFiringTaskWorker
instanceKlass org/gradle/api/plugins/JavaBasePlugin$12$1
instanceKlass org/gradle/execution/SelectedTaskExecutionAction$BindAllReferencesOfProjectsToExecuteListener
instanceKlass org/gradle/execution/DefaultBuildExecuter$1
instanceKlass org/gradle/initialization/DefaultGradleLauncher$ExecuteTasks
instanceKlass org/gradle/initialization/DefaultGradleLauncher$CalculateTaskGraph$1
instanceKlass org/gradle/internal/taskgraph/CalculateTaskGraphBuildOperationType$Result
instanceKlass org/gradle/execution/taskgraph/DefaultTaskExecutionPlan$TaskMutationInfo
instanceKlass org/gradle/internal/work/DefaultWorkerLeaseService$ProjectLockRegistry$1
instanceKlass org/gradle/execution/taskgraph/DefaultTaskExecutionPlan$2
instanceKlass org/gradle/execution/taskgraph/DefaultTaskExecutionPlan$TaskInfoInVisitingSegment
instanceKlass org/gradle/execution/taskgraph/DefaultTaskExecutionPlan$1
instanceKlass org/gradle/execution/taskgraph/DefaultTaskGraphExecuter$4
instanceKlass org/gradle/api/internal/artifacts/configurations/DefaultConfiguration$ConfigurationTaskDependency$1
instanceKlass org/gradle/api/internal/artifacts/ivyservice/resolveengine/artifact/BuildDependenciesOnlyVisitedArtifactSet$BuildDependenciesOnlySelectedArtifactSet
instanceKlass org/gradle/api/internal/artifacts/ivyservice/resolveengine/artifact/BuildDependenciesVisitor
instanceKlass org/gradle/api/internal/file/collections/BuildDependenciesOnlyFileCollectionResolveContext
instanceKlass org/gradle/internal/graph/CachingDirectedGraphWalker$NodeDetails
instanceKlass org/gradle/internal/graph/CachingDirectedGraphWalker$GraphWithEmpyEdges
instanceKlass org/gradle/api/internal/tasks/CachingTaskDependencyResolveContext$TaskGraphImpl
instanceKlass org/gradle/internal/graph/CachingDirectedGraphWalker
instanceKlass org/gradle/api/internal/tasks/CachingTaskDependencyResolveContext
instanceKlass org/gradle/composite/internal/IncludedBuildTaskResource
instanceKlass org/gradle/cli/ParsedCommandLine
instanceKlass org/gradle/cli/CommandLineParser$OptionParserState
instanceKlass org/gradle/cli/CommandLineParser$ParserState
instanceKlass org/gradle/cli/CommandLineParser
instanceKlass org/gradle/execution/TaskSelector$TaskSelection
instanceKlass org/gradle/execution/TaskNameResolver$1
instanceKlass org/gradle/execution/taskpath/ResolvedTaskPath
instanceKlass org/gradle/util/NameMatcher
instanceKlass org/gradle/execution/DefaultBuildConfigurationActionExecuter$1
instanceKlass org/gradle/initialization/DefaultGradleLauncher$CalculateTaskGraph$2
instanceKlass org/gradle/internal/taskgraph/CalculateTaskGraphBuildOperationType$Details
instanceKlass org/gradle/initialization/DefaultGradleLauncher$CalculateTaskGraph
instanceKlass org/gradle/internal/invocation/GradleBuildController$1
instanceKlass org/gradle/internal/DefaultTaskExecutionRequest
instanceKlass org/gradle/internal/remote/internal/inet/SocketConnection$1
instanceKlass com/google/common/cache/LocalCache$HashIterator
instanceKlass org/gradle/internal/work/DefaultWorkerLeaseService$1
instanceKlass org/gradle/cache/internal/DefaultMultiProcessSafePersistentIndexedCache$4
instanceKlass org/gradle/workers/internal/WorkerDaemonClientsManager$StopSessionScopedWorkers$1
instanceKlass com/google/protobuf/ByteString$CodedBuilder
instanceKlass com/google/wireless/android/play/playlog/proto/ClientAnalytics$LogEventKeyValuesOrBuilder
instanceKlass com/google/wireless/android/play/playlog/proto/ClientAnalytics$ExperimentIdsOrBuilder
instanceKlass com/google/wireless/android/play/playlog/proto/ClientAnalytics$AppUsage1pLogEventOrBuilder
instanceKlass com/google/wireless/android/play/playlog/proto/ClientAnalytics$NetworkConnectionInfoOrBuilder
instanceKlass com/google/wireless/android/play/playlog/proto/ClientAnalytics$ActiveExperimentsOrBuilder
instanceKlass com/google/wireless/android/play/playlog/proto/ClientAnalytics$LogEventOrBuilder
instanceKlass com/google/wireless/android/sdk/stats/AndroidStudioEvent$EventKind$1
instanceKlass com/google/wireless/android/sdk/stats/AndroidStudioEvent$EventCategory$1
instanceKlass com/google/wireless/android/sdk/stats/LayoutInspectorEventOrBuilder
instanceKlass com/google/wireless/android/sdk/stats/KotlinSupportOrBuilder
instanceKlass com/google/wireless/android/sdk/stats/ApkDebugProjectOrBuilder
instanceKlass com/google/wireless/android/sdk/stats/GradleSyncStatsOrBuilder
instanceKlass com/google/wireless/android/sdk/stats/ApkAnalyzerStatsOrBuilder
instanceKlass com/google/wireless/android/sdk/stats/AdbAssistantStatsOrBuilder
instanceKlass com/google/wireless/android/sdk/stats/StudioProjectChangeOrBuilder
instanceKlass com/google/wireless/android/sdk/stats/LayoutEditorEventOrBuilder
instanceKlass com/google/wireless/android/sdk/stats/AndroidProfilerEventOrBuilder
instanceKlass com/google/wireless/android/sdk/stats/MachineDetailsOrBuilder
instanceKlass com/google/wireless/android/sdk/stats/GfxTracingDetailsOrBuilder
instanceKlass com/google/wireless/android/sdk/stats/UIActionStatsOrBuilder
instanceKlass com/google/wireless/android/sdk/stats/HypervisorOrBuilder
instanceKlass com/google/wireless/android/sdk/stats/EmulatorHostOrBuilder
instanceKlass com/google/wireless/android/sdk/stats/InstantRunOrBuilder
instanceKlass com/google/wireless/android/sdk/stats/StudioCrashOrBuilder
instanceKlass com/google/wireless/android/sdk/stats/ProductDetailsOrBuilder
instanceKlass com/google/wireless/android/sdk/stats/JvmDetailsOrBuilder
instanceKlass com/google/wireless/android/sdk/stats/TestRecorderDetailsOrBuilder
instanceKlass com/google/wireless/android/sdk/stats/TestRunOrBuilder
instanceKlass com/google/wireless/android/sdk/stats/EmulatorDetailsOrBuilder
instanceKlass com/google/wireless/android/sdk/stats/LldbPerformanceStatsOrBuilder
instanceKlass com/google/wireless/android/sdk/stats/LLDBFrontendDetailsOrBuilder
instanceKlass com/google/wireless/android/sdk/stats/MetaMetricsOrBuilder
instanceKlass com/google/wireless/android/sdk/stats/EmulatorUiEventOrBuilder
instanceKlass com/google/wireless/android/sdk/stats/FirebaseErrorDetailsOrBuilder
instanceKlass com/google/wireless/android/sdk/stats/GradleBuildDetailsOrBuilder
instanceKlass com/google/wireless/android/sdk/stats/DeviceInfoOrBuilder
instanceKlass com/google/wireless/android/sdk/stats/StudioPerformanceStatsOrBuilder
instanceKlass com/google/wireless/android/sdk/stats/AndroidProfilerDbStatsOrBuilder
instanceKlass com/google/wireless/android/sdk/stats/EmulatorPerformanceStatsOrBuilder
instanceKlass com/google/wireless/android/sdk/stats/LldbSessionEndDetailsOrBuilder
instanceKlass com/google/wireless/android/sdk/stats/AppLinksAssistantEventOrBuilder
instanceKlass com/google/wireless/android/sdk/stats/LldbSessionStartDetailsOrBuilder
instanceKlass com/google/wireless/android/sdk/stats/FirebaseContextDetailsOrBuilder
instanceKlass com/google/wireless/android/sdk/stats/AndroidStudioEventOrBuilder
instanceKlass com/android/builder/profile/ChromeTracingProfileConverter$2
instanceKlass com/google/protobuf/TextFormatEscaper$1
instanceKlass com/google/protobuf/TextFormatEscaper$ByteSequence
instanceKlass com/google/protobuf/TextFormatEscaper
instanceKlass com/google/protobuf/TextFormat$1
instanceKlass com/google/protobuf/GeneratedMessageV3$FieldAccessorTable$RepeatedFieldAccessor
instanceKlass com/google/protobuf/GeneratedMessageV3$FieldAccessorTable$SingularFieldAccessor
instanceKlass com/google/protobuf/GeneratedMessageV3$FieldAccessorTable$OneofAccessor
instanceKlass com/google/protobuf/GeneratedMessageV3$FieldAccessorTable$FieldAccessor
instanceKlass com/google/protobuf/GeneratedMessageV3$FieldAccessorTable
instanceKlass com/google/protobuf/Descriptors$1
instanceKlass com/google/protobuf/Descriptors$DescriptorPool$DescriptorIntPair
instanceKlass com/google/protobuf/Descriptors$OneofDescriptor
instanceKlass com/google/protobuf/Descriptors
instanceKlass com/google/protobuf/Descriptors$DescriptorPool
instanceKlass com/google/protobuf/SmallSortedMap$EmptySet$2
instanceKlass com/google/protobuf/SmallSortedMap$EmptySet$1
instanceKlass com/google/protobuf/SmallSortedMap$EmptySet
instanceKlass com/google/protobuf/LazyFieldLite
instanceKlass com/google/protobuf/FieldSet
instanceKlass com/google/protobuf/DescriptorProtos$EnumValueOptionsOrBuilder
instanceKlass com/google/protobuf/DescriptorProtos$EnumValueDescriptorProtoOrBuilder
instanceKlass com/google/protobuf/DescriptorProtos$EnumOptionsOrBuilder
instanceKlass com/google/protobuf/DescriptorProtos$EnumDescriptorProtoOrBuilder
instanceKlass com/google/protobuf/DescriptorProtos$FieldDescriptorProto$Type$1
instanceKlass com/google/protobuf/DescriptorProtos$FieldDescriptorProto$Label$1
instanceKlass com/google/protobuf/DescriptorProtos$FieldOptionsOrBuilder
instanceKlass com/google/protobuf/DescriptorProtos$FieldDescriptorProtoOrBuilder
instanceKlass com/google/protobuf/DescriptorProtos$MessageOptionsOrBuilder
instanceKlass com/google/protobuf/DescriptorProtos$DescriptorProtoOrBuilder
instanceKlass com/google/protobuf/DescriptorProtos$FileOptionsOrBuilder
instanceKlass com/google/protobuf/GeneratedMessageV3$ExtendableMessageOrBuilder
instanceKlass com/google/protobuf/DescriptorProtos$SourceCodeInfoOrBuilder
instanceKlass com/google/protobuf/DescriptorProtos$FileDescriptorProtoOrBuilder
instanceKlass com/google/wireless/android/sdk/stats/AndroidStudioStats$1
instanceKlass com/google/protobuf/Descriptors$FileDescriptor$InternalDescriptorAssigner
instanceKlass com/google/wireless/android/sdk/stats/AndroidStudioStats
instanceKlass com/google/protobuf/TextFormat$TextGenerator
instanceKlass com/google/protobuf/TextFormat$Parser$Builder
instanceKlass com/google/protobuf/TextFormat$Parser
instanceKlass com/google/protobuf/TextFormat$Printer
instanceKlass com/google/protobuf/TextFormat
instanceKlass com/android/builder/profile/ChromeTracingProfileConverter$ProjectHolder$$Lambda$272
instanceKlass com/android/builder/profile/ChromeTracingProfileConverter$$Lambda$271
instanceKlass com/android/builder/profile/ChromeTracingProfileConverter$ProjectHolder
instanceKlass com/android/builder/profile/ChromeTracingProfileConverter$$Lambda$270
instanceKlass com/google/protobuf/ByteString$ArraysByteArrayCopier
instanceKlass com/google/protobuf/Internal
instanceKlass com/google/protobuf/ByteString$ByteIterator
instanceKlass com/google/protobuf/ByteString$ByteArrayCopier
instanceKlass com/google/protobuf/ByteString
instanceKlass com/google/protobuf/UnknownFieldSet$Builder
instanceKlass com/google/protobuf/CodedInputStream
instanceKlass com/android/builder/profile/ChromeTracingProfileConverter
instanceKlass com/google/protobuf/Utf8$Processor
instanceKlass com/google/protobuf/Utf8
instanceKlass com/google/protobuf/WireFormat
instanceKlass com/google/protobuf/UnsafeUtil$1
instanceKlass com/google/protobuf/UnsafeUtil
instanceKlass com/google/protobuf/ByteOutput
instanceKlass com/google/common/cache/LocalCache$WriteThroughEntry
instanceKlass com/google/common/cache/LocalCache$HashIterator
instanceKlass java/time/LocalTime$1
instanceKlass java/time/format/DateTimeFormatterBuilder$3
instanceKlass java/time/Month$1
instanceKlass java/time/temporal/WeekFields$ComputedDayOfField
instanceKlass java/time/temporal/WeekFields
instanceKlass java/time/format/DateTimePrintContext
instanceKlass java/time/zone/ZoneOffsetTransition
instanceKlass java/time/zone/Ser
instanceKlass java/time/zone/ZoneRulesProvider$1
instanceKlass java/time/zone/ZoneRulesProvider
instanceKlass java/time/Clock
instanceKlass org/apache/tools/ant/IntrospectionHelper$NestedCreator
instanceKlass org/apache/tools/ant/IntrospectionHelper$AttributeSetter
instanceKlass org/apache/tools/ant/IntrospectionHelper
instanceKlass com/android/dx/rop/type/Type
instanceKlass com/android/dx/rop/cst/Constant
instanceKlass com/android/dx/rop/code/RegisterSpec$ForComparison
instanceKlass com/android/dx/rop/code/RegisterSpec
instanceKlass com/android/dx/rop/type/TypeBearer
instanceKlass com/android/dx/util/ToHuman
instanceKlass com/android/dx/rop/type/Prototype
instanceKlass com/android/dx/cf/direct/ClassPathOpener$Consumer
instanceKlass com/android/dx/cf/direct/ClassPathOpener$FileNameFilter
instanceKlass com/android/dx/cf/direct/AttributeFactory
instanceKlass com/android/dx/command/dexer/Main
instanceKlass com/android/builder/internal/compiler/PreProcessCache$Key
instanceKlass com/android/builder/internal/compiler/PreProcessCache$BaseItem
instanceKlass com/android/builder/internal/compiler/PreProcessCache
instanceKlass com/android/build/gradle/BasePlugin$1$$Lambda$269
instanceKlass com/android/ide/common/util/JvmWideVariable$$Lambda$268
instanceKlass com/android/ide/common/util/JvmWideVariable$$Lambda$267
instanceKlass com/android/ide/common/internal/ExecutorSingleton$$Lambda$266
instanceKlass com/android/ide/common/util/JvmWideVariable$$Lambda$265
instanceKlass com/android/ide/common/internal/ExecutorSingleton
instanceKlass com/android/build/gradle/internal/BuildSessionImpl$$Lambda$264
instanceKlass java/lang/invoke/LambdaForm$DMH
instanceKlass com/android/build/gradle/internal/ide/AndroidArtifactOutputImpl
instanceKlass com/android/builder/model/AndroidArtifactOutput
instanceKlass com/google/common/collect/ImmutableSet$SerializedForm
instanceKlass com/google/common/collect/ImmutableMap$SerializedForm
instanceKlass com/google/common/collect/ImmutableList$SerializedForm
instanceKlass org/gradle/tooling/internal/provider/serialization/WellKnownClassLoaderRegistry$1
instanceKlass org/gradle/tooling/internal/provider/serialization/DefaultPayloadClassLoaderRegistry$1
instanceKlass org/gradle/tooling/internal/provider/BuildActionResult
instanceKlass org/gradle/internal/featurelifecycle/DeprecatedFeatureUsage
instanceKlass com/android/builder/model/level2/Library
instanceKlass com/android/build/gradle/internal/ide/level2/GlobalLibraryMapImpl
instanceKlass com/android/builder/model/NativeArtifact
instanceKlass com/android/builder/model/NativeSettings
instanceKlass com/android/build/gradle/internal/ide/NativeModelBuilder$NativeAndroidProjectBuilder
instanceKlass com/android/builder/model/NativeToolchain
instanceKlass com/android/builder/model/ArtifactMetaData
instanceKlass com/android/builder/model/SyncIssue
instanceKlass com/android/builder/model/SourceProviderContainer
instanceKlass com/android/builder/model/BuildType
instanceKlass com/android/builder/model/BuildTypeContainer
instanceKlass com/android/builder/model/TestedTargetVariant
instanceKlass com/android/builder/model/NativeLibrary
instanceKlass com/android/build/FilterData
instanceKlass com/android/builder/model/AndroidArtifactOutput
instanceKlass com/android/build/OutputFile
instanceKlass com/android/build/VariantOutput
instanceKlass com/android/builder/model/TestOptions
instanceKlass com/android/builder/model/InstantRun
instanceKlass com/android/builder/model/level2/GraphItem
instanceKlass com/android/builder/model/AndroidLibrary
instanceKlass com/android/builder/model/AndroidBundle
instanceKlass com/android/builder/model/MavenCoordinates
instanceKlass com/android/builder/model/JavaLibrary
instanceKlass com/android/builder/model/Library
instanceKlass com/android/builder/model/SourceProvider
instanceKlass com/android/builder/model/level2/DependencyGraphs
instanceKlass com/android/builder/model/Dependencies
instanceKlass com/android/builder/model/JavaArtifact
instanceKlass com/android/builder/model/VectorDrawablesOptions
instanceKlass com/android/builder/model/SigningConfig
instanceKlass com/android/builder/model/ApiVersion
instanceKlass com/android/builder/model/ClassField
instanceKlass com/android/builder/model/AndroidArtifact
instanceKlass com/android/builder/model/BaseArtifact
instanceKlass com/android/builder/model/ProductFlavor
instanceKlass com/android/builder/model/DimensionAware
instanceKlass com/android/builder/model/BaseConfig
instanceKlass com/android/builder/model/Variant
instanceKlass com/android/builder/model/JavaCompileOptions
instanceKlass com/android/builder/model/LintOptions
instanceKlass com/android/builder/model/ProductFlavorContainer
instanceKlass com/android/builder/model/AaptOptions
instanceKlass com/android/build/gradle/internal/ide/DefaultJavaCompileOptions
instanceKlass com/android/build/gradle/internal/ide/ModelBuilder$$Lambda$263
instanceKlass com/android/build/gradle/internal/ide/SigningConfigImpl
instanceKlass com/android/builder/model/JavaCompileOptions
instanceKlass com/android/build/gradle/internal/ide/DefaultAndroidProject
instanceKlass com/android/build/gradle/internal/ide/ModelBuilder$$Lambda$262
instanceKlass com/android/build/gradle/internal/ide/VariantImpl
instanceKlass com/android/build/gradle/internal/ide/TestOptionsImpl
instanceKlass java/util/function/Predicate$$Lambda$261
instanceKlass com/android/build/gradle/internal/ide/ModelBuilder$$Lambda$260
instanceKlass org/gradle/api/internal/artifacts/ivyservice/ShortCircuitEmptyConfigurationResolver$EmptyResolvedConfiguration
instanceKlass org/gradle/api/internal/artifacts/ivyservice/ShortCircuitEmptyConfigurationResolver$EmptyResults
instanceKlass com/android/build/gradle/internal/dependency/SubtractingArtifactCollection$$Lambda$259
instanceKlass com/android/build/gradle/internal/ide/ModelBuilder$$Lambda$258
instanceKlass com/android/builder/model/JavaArtifact
instanceKlass org/gradle/api/internal/project/taskfactory/TaskPropertyInfo$5
instanceKlass org/gradle/api/internal/project/taskfactory/TaskPropertyInfo$4
instanceKlass org/gradle/api/internal/tasks/DefaultTaskOutputs$5
instanceKlass org/gradle/api/internal/tasks/TaskPropertyUtils
instanceKlass com/android/build/gradle/internal/ide/BaseArtifactImpl
instanceKlass com/android/builder/model/JavaLibrary
instanceKlass com/android/builder/dependency/HashCodeUtils
instanceKlass com/android/builder/dependency/MavenCoordinatesImpl
instanceKlass com/android/ide/common/caching/CreatingCache$1
instanceKlass com/android/ide/common/caching/CreatingCache$ValueState
instanceKlass com/android/build/gradle/internal/ide/LibraryImpl
instanceKlass com/android/builder/model/AndroidLibrary
instanceKlass com/android/builder/model/AndroidBundle
instanceKlass com/android/builder/model/Library
instanceKlass org/gradle/api/internal/artifacts/result/DefaultResolvedVariantResult
instanceKlass org/gradle/api/internal/artifacts/result/DefaultResolvedArtifactResult
instanceKlass org/gradle/internal/component/local/model/ComponentFileArtifactIdentifier
instanceKlass org/gradle/api/internal/artifacts/transform/DefaultArtifactTransforms$ArtifactTransformingVisitor
instanceKlass org/gradle/api/internal/changedetection/state/DirectoryTreeDetails
instanceKlass org/gradle/api/tasks/util/internal/CachingPatternSpecFactory$CachingSpec$1
instanceKlass org/gradle/api/tasks/util/internal/CachingPatternSpecFactory$CacheKey
instanceKlass org/gradle/api/internal/changedetection/state/DefaultFileSystemSnapshotter$FileVisitorImpl
instanceKlass org/gradle/api/internal/changedetection/state/DefaultFileSystemSnapshotter$4
instanceKlass org/gradle/api/internal/changedetection/state/DirContentSnapshot
instanceKlass org/gradle/api/internal/changedetection/state/DirectoryFileSnapshot
instanceKlass org/gradle/api/internal/artifacts/transform/DefaultTransformedFileCache$1$1
instanceKlass org/gradle/api/internal/artifacts/transform/DefaultTransformedFileCache$1
instanceKlass org/gradle/api/internal/changedetection/state/DefaultFileSystemSnapshotter$HashBackedSnapshot
instanceKlass org/gradle/api/internal/changedetection/state/AbstractNormalizedFileSnapshot
instanceKlass org/gradle/api/internal/changedetection/state/DefaultFileSystemSnapshotter$2
instanceKlass org/gradle/api/internal/artifacts/transform/DefaultArtifactTransforms$TransformArtifactOperation
instanceKlass org/gradle/api/artifacts/cache/ArtifactResolutionControl
instanceKlass org/gradle/api/internal/artifacts/DefaultArtifactIdentifier
instanceKlass org/gradle/internal/resource/cached/DefaultCachedArtifact
instanceKlass org/gradle/internal/resource/cached/ivy/AbstractCachedIndex$1
instanceKlass org/gradle/internal/resource/cached/ivy/ArtifactAtRepositoryKey
instanceKlass org/gradle/api/internal/artifacts/transform/DefaultArtifactTransforms$ConsumerProvidedResolvedVariant$TransformingResult
instanceKlass org/gradle/api/internal/artifacts/transform/DefaultArtifactTransforms$ConsumerProvidedResolvedVariant$TransformingAsyncArtifactListener
instanceKlass org/gradle/api/internal/file/AbstractFileTreeElement
instanceKlass java/nio/file/Files$3
instanceKlass java/nio/file/FileTreeWalker$Event
instanceKlass java/nio/file/FileTreeWalker$DirectoryNode
instanceKlass java/util/ArrayDeque$DeqIterator
instanceKlass java/nio/file/FileTreeWalker$1
instanceKlass java/nio/file/FileTreeWalker
instanceKlass org/gradle/api/internal/file/collections/jdk7/Jdk7DirectoryWalker$1
instanceKlass org/gradle/api/file/ReproducibleFileVisitor
instanceKlass org/gradle/api/internal/file/pattern/AnythingMatcher
instanceKlass org/gradle/api/internal/file/pattern/FixedPatternStep
instanceKlass org/gradle/api/internal/file/pattern/HasPrefixPatternStep
instanceKlass org/gradle/api/internal/file/pattern/HasPrefixAndSuffixPatternStep
instanceKlass org/gradle/api/internal/file/pattern/GreedyPathMatcher
instanceKlass org/apache/tools/ant/util/SymbolicLinkUtils
instanceKlass org/apache/tools/ant/DirectoryScanner
instanceKlass org/apache/tools/ant/types/selectors/SelectorScanner
instanceKlass org/apache/tools/ant/FileScanner
instanceKlass org/gradle/api/tasks/util/internal/CachingPatternSpecFactory$CachingSpec
instanceKlass org/gradle/api/internal/file/RelativePathSpec
instanceKlass org/gradle/api/internal/file/pattern/PatternMatcherFactory$PathMatcherBackedSpec
instanceKlass org/gradle/api/internal/file/pattern/HasSuffixPatternStep
instanceKlass org/gradle/api/internal/file/pattern/AnyWildcardPatternStep
instanceKlass org/gradle/api/internal/file/pattern/PatternStep
instanceKlass org/gradle/api/internal/file/pattern/PatternStepFactory
instanceKlass org/gradle/api/internal/file/pattern/FixedStepPathMatcher
instanceKlass org/gradle/api/internal/file/pattern/EndOfPathMatcher
instanceKlass org/gradle/api/internal/file/pattern/PathMatcher
instanceKlass org/gradle/api/internal/file/pattern/PatternMatcherFactory
instanceKlass org/gradle/api/tasks/util/internal/CachingPatternSpecFactory$1
instanceKlass org/gradle/api/tasks/util/internal/CachingPatternSpecFactory$SpecKey
instanceKlass org/gradle/api/file/EmptyFileVisitor
instanceKlass org/gradle/api/internal/file/collections/AbstractDirectoryWalker
instanceKlass java/nio/file/FileVisitor
instanceKlass org/gradle/api/internal/file/collections/jdk7/Jdk7DirectoryWalker
instanceKlass org/gradle/api/internal/file/collections/DefaultDirectoryWalkerFactory
instanceKlass org/gradle/api/internal/file/collections/DirectoryWalker
instanceKlass org/gradle/api/internal/artifacts/transform/DefaultArtifactTransforms$ConsumerProvidedResolvedVariant
instanceKlass org/gradle/api/internal/artifacts/transform/VariantAttributeMatchingCache$1
instanceKlass org/gradle/api/internal/artifacts/transform/ConsumerVariantMatchResult$ConsumerVariant
instanceKlass org/gradle/api/internal/artifacts/transform/VariantAttributeMatchingCache$AttributeSpecificCache
instanceKlass org/gradle/api/internal/artifacts/transform/ConsumerVariantMatchResult
instanceKlass org/gradle/internal/component/model/DefaultCompatibilityCheckResult
instanceKlass org/gradle/api/internal/attributes/AttributeValue
instanceKlass org/gradle/internal/component/model/ComponentAttributeMatcher$MatchDetails
instanceKlass org/gradle/api/internal/artifacts/ivyservice/modulecache/DefaultModuleArtifactsCache$DefaultCachedArtifacts
instanceKlass org/gradle/api/internal/artifacts/ivyservice/modulecache/DefaultModuleArtifactsCache$ModuleArtifactsCacheEntry
instanceKlass org/gradle/api/internal/artifacts/ivyservice/modulecache/DefaultModuleArtifactsCache$ModuleArtifactsKey
instanceKlass org/gradle/internal/component/model/LocalComponentDependencyMetadata$ClientAttributesPreservingConfigurationMetadata
instanceKlass org/gradle/api/internal/artifacts/ivyservice/ivyresolve/CachingModuleComponentRepository$CachingModuleSource
instanceKlass org/gradle/api/internal/artifacts/ivyservice/resolutionstrategy/DefaultCachePolicy$AbstractResolutionControl
instanceKlass org/gradle/api/artifacts/cache/ModuleResolutionControl
instanceKlass org/gradle/api/artifacts/cache/ResolutionControl
instanceKlass org/gradle/api/internal/artifacts/ivyservice/modulecache/DefaultCachedMetaData
instanceKlass org/gradle/api/internal/artifacts/ivyservice/modulecache/ModuleMetadataSerializer$Reader
instanceKlass org/gradle/internal/resource/local/AbstractLocallyAvailableResource
instanceKlass org/gradle/api/internal/artifacts/ivyservice/DefaultCacheLockingManager$CacheLockingPersistentCache$1
instanceKlass org/gradle/api/internal/artifacts/ivyservice/modulecache/DefaultModuleMetaDataCache$1
instanceKlass org/gradle/api/internal/artifacts/ivyservice/DefaultCacheLockingManager$CacheLockingPersistentCache
instanceKlass org/gradle/api/internal/artifacts/ivyservice/modulecache/ModuleMetadataCacheEntry
instanceKlass org/gradle/api/internal/artifacts/ivyservice/modulecache/ModuleComponentAtRepositoryKey
instanceKlass org/gradle/api/internal/artifacts/ivyservice/ResolvedArtifactCollectingVisitor
instanceKlass com/android/build/gradle/internal/ide/ModelBuilder$$Lambda$257
instanceKlass com/android/build/gradle/internal/ide/DependencyFailureHandler
instanceKlass com/android/build/gradle/internal/incremental/BuildInfoWriterTask$ConfigAction
instanceKlass com/android/build/gradle/internal/ide/InstantRunImpl
instanceKlass com/android/build/gradle/internal/ide/BuildOutputsSupplier
instanceKlass com/android/build/gradle/internal/ide/ModelBuilder$1
instanceKlass com/android/build/gradle/internal/ide/ModelBuilder$SourceProviders
instanceKlass com/android/build/gradle/internal/ide/BuildTypeContainerImpl
instanceKlass com/android/builder/model/BuildTypeContainer
instanceKlass com/android/build/gradle/internal/ide/ApiVersionImpl
instanceKlass com/android/build/gradle/internal/ide/BaseConfigImpl
instanceKlass com/android/build/gradle/internal/ide/SourceProviderImpl
instanceKlass com/android/build/gradle/internal/ide/SourceProviderContainerImpl$$Lambda$256
instanceKlass com/android/build/gradle/internal/ide/SourceProviderContainerImpl
instanceKlass com/android/builder/model/SourceProviderContainer
instanceKlass com/android/build/gradle/internal/ide/ProductFlavorContainerImpl
instanceKlass com/android/builder/model/ProductFlavorContainer
instanceKlass com/android/build/gradle/internal/ide/AaptOptionsImpl
instanceKlass com/android/builder/model/AaptOptions
instanceKlass com/android/build/gradle/internal/ide/ArtifactMetaDataImpl
instanceKlass com/android/builder/model/ArtifactMetaData
instanceKlass com/android/builder/model/NativeAndroidProject
instanceKlass com/android/builder/model/level2/GlobalLibraryMap
instanceKlass java/lang/reflect/WeakCache$LookupValue
instanceKlass org/gradle/tooling/internal/gradle/DefaultGradleBuild
instanceKlass org/jetbrains/plugins/gradle/model/GradleConfiguration
instanceKlass org/jetbrains/plugins/gradle/model/GradleExtension
instanceKlass org/jetbrains/plugins/gradle/model/GradleProperty
instanceKlass org/jetbrains/plugins/gradle/model/DefaultGradleProperty
instanceKlass org/jetbrains/plugins/gradle/model/GradleExtension
instanceKlass org/jetbrains/plugins/gradle/model/GradleProperty
instanceKlass org/jetbrains/plugins/gradle/model/DefaultGradleConfiguration
instanceKlass org/jetbrains/plugins/gradle/model/GradleConfiguration
instanceKlass org/jetbrains/plugins/gradle/model/DefaultGradleExtensions
instanceKlass org/jetbrains/plugins/gradle/model/ClasspathEntryModel
instanceKlass org/jetbrains/plugins/gradle/model/FileCollectionDependency
instanceKlass org/jetbrains/plugins/gradle/model/ExternalMultiLibraryDependency
instanceKlass org/jetbrains/plugins/gradle/tooling/internal/ClasspathEntryModelImpl
instanceKlass org/jetbrains/plugins/gradle/tooling/util/DependencyTraverser$Itr
instanceKlass org/jetbrains/plugins/gradle/tooling/util/DependencyTraverser
instanceKlass org/gradle/api/artifacts/result/UnresolvedDependencyResult
instanceKlass com/google/common/base/Objects
instanceKlass org/jetbrains/plugins/gradle/DefaultExternalDependencyId
instanceKlass org/jetbrains/plugins/gradle/ExternalDependencyId
instanceKlass org/jetbrains/plugins/gradle/model/AbstractExternalDependency
instanceKlass com/google/common/collect/AbstractMapBasedMultimap$WrappedCollection$WrappedIterator
instanceKlass org/gradle/api/internal/artifacts/ivyservice/resolveengine/result/VersionSelectionReasons$1
instanceKlass org/gradle/api/internal/artifacts/ivyservice/resolveengine/result/DefaultResolutionResultBuilder$RootFactory
instanceKlass org/gradle/api/internal/artifacts/result/AbstractDependencyResult
instanceKlass org/gradle/api/artifacts/result/ResolvedDependencyResult
instanceKlass org/gradle/api/internal/artifacts/ivyservice/resolveengine/result/DefaultDependencyResult
instanceKlass org/gradle/api/internal/artifacts/result/DefaultResolvedComponentResult
instanceKlass org/gradle/api/internal/artifacts/ivyservice/resolveengine/result/DefaultComponentResult
instanceKlass org/gradle/api/internal/artifacts/ivyservice/resolveengine/result/CachingDependencyResultFactory
instanceKlass org/gradle/api/internal/artifacts/ivyservice/resolveengine/result/DefaultResolutionResultBuilder
instanceKlass org/gradle/api/internal/artifacts/ivyservice/resolveengine/result/StreamingResolutionResultBuilder$RootFactory$1$1
instanceKlass org/gradle/api/internal/cache/BinaryStore$ReadAction
instanceKlass org/gradle/api/internal/artifacts/ivyservice/resolveengine/result/StreamingResolutionResultBuilder$RootFactory$1
instanceKlass org/gradle/api/artifacts/result/ResolvedComponentResult
instanceKlass com/google/common/base/Function
instanceKlass org/jetbrains/plugins/gradle/tooling/util/DependencyResolverImpl$DependencyResultsTransformer
instanceKlass com/google/common/collect/AbstractMapBasedMultimap$Itr
instanceKlass com/google/common/collect/AbstractMultimap$1
instanceKlass org/gradle/api/specs/internal/ClosureSpec
instanceKlass org/codehaus/groovy/runtime/metaclass/ClosureMetaClass$NormalMethodChooser
instanceKlass org/gradle/api/internal/artifacts/result/DefaultComponentArtifactsResult
instanceKlass org/jetbrains/plugins/gradle/tooling/util/ModuleComponentIdentifierImpl
instanceKlass org/gradle/api/internal/artifacts/ivyservice/dynamicversions/DefaultResolvedModuleVersion
instanceKlass com/google/common/collect/Multiset
instanceKlass org/gradle/api/internal/artifacts/ivyservice/DefaultLenientConfiguration$LenientArtifactCollectingVisitor
instanceKlass org/gradle/api/artifacts/UnresolvedDependency
